<?xml version="1.0" encoding="UTF-8"?>
<testsuite xmlns:xsi="http://www.w3.org/2001/XMLSchema-instance" xsi:noNamespaceSchemaLocation="https://maven.apache.org/surefire/maven-surefire-plugin/xsd/surefire-test-report-3.0.xsd" version="3.0" name="com.example.IPLDataReaderUsingHSql.IplDataReaderUsingHSqlApplicationTests" time="6.641" tests="1" errors="0" skipped="0" failures="0">
  <properties>
[...]
</properties>
  <testcase name="contextLoads" classname="com.example.IPLDataReaderUsingHSql.IplDataReaderUsingHSqlApplicationTests" time="0.571">
    <system-out><![CDATA[13:30:14.623 [main] INFO org.springframework.test.context.support.AnnotationConfigContextLoaderUtils -- Could not detect default configuration classes for test class [com.example.IPLDataReaderUsingHSql.IplDataReaderUsingHSqlApplicationTests]: IplDataReaderUsingHSqlApplicationTests does not declare any static, non-private, non-final, nested classes annotated with @Configuration.
13:30:14.739 [main] INFO org.springframework.boot.test.context.SpringBootTestContextBootstrapper -- Found @SpringBootConfiguration com.example.IPLDataReaderUsingHSql.IplDataReaderUsingHSqlApplication for test class com.example.IPLDataReaderUsingHSql.IplDataReaderUsingHSqlApplicationTests

  .   ____          _            __ _ _
 /\\ / ___'_ __ _ _(_)_ __  __ _ \ \ \ \
( ( )\___ | '_ | '_| | '_ \/ _` | \ \ \ \
 \\/  ___)| |_)| | | | | || (_| |  ) ) ) )
  '  |____| .__|_| |_|_| |_\__, | / / / /
 =========|_|==============|___/=/_/_/_/
 :: Spring Boot ::                (v3.1.5)

2024-10-06T13:30:15.326+05:30  INFO 15516 --- [           main] I.IplDataReaderUsingHSqlApplicationTests : Starting IplDataReaderUsingHSqlApplicationTests using Java 17.0.12 with PID 15516 (started by hp in D:\SpringbootProject\IPLDataReaderUsingHSql)
2024-10-06T13:30:15.328+05:30  INFO 15516 --- [           main] I.IplDataReaderUsingHSqlApplicationTests : No active profile set, falling back to 1 default profile: "default"
2024-10-06T13:30:16.248+05:30  INFO 15516 --- [           main] .s.d.r.c.RepositoryConfigurationDelegate : Bootstrapping Spring Data JPA repositories in DEFAULT mode.
2024-10-06T13:30:16.341+05:30  INFO 15516 --- [           main] .s.d.r.c.RepositoryConfigurationDelegate : Finished Spring Data repository scanning in 78 ms. Found 3 JPA repository interfaces.
2024-10-06T13:30:16.924+05:30  INFO 15516 --- [           main] o.hibernate.jpa.internal.util.LogHelper  : HHH000204: Processing PersistenceUnitInfo [name: default]
2024-10-06T13:30:17.014+05:30  INFO 15516 --- [           main] org.hibernate.Version                    : HHH000412: Hibernate ORM core version 6.2.13.Final
2024-10-06T13:30:17.017+05:30  INFO 15516 --- [           main] org.hibernate.cfg.Environment            : HHH000406: Using bytecode reflection optimizer
2024-10-06T13:30:17.379+05:30  INFO 15516 --- [           main] o.s.o.j.p.SpringPersistenceUnitInfo      : No LoadTimeWeaver setup: ignoring JPA class transformer
2024-10-06T13:30:17.402+05:30  INFO 15516 --- [           main] com.zaxxer.hikari.HikariDataSource       : HikariPool-1 - Starting...
2024-10-06T13:30:17.650+05:30  INFO 15516 --- [           main] com.zaxxer.hikari.pool.PoolBase          : HikariPool-1 - Driver does not support get/set network timeout for connections. (feature not supported)
2024-10-06T13:30:17.652+05:30  INFO 15516 --- [           main] com.zaxxer.hikari.pool.HikariPool        : HikariPool-1 - Added connection org.hsqldb.jdbc.JDBCConnection@569348e1
2024-10-06T13:30:17.653+05:30  INFO 15516 --- [           main] com.zaxxer.hikari.HikariDataSource       : HikariPool-1 - Start completed.
2024-10-06T13:30:18.788+05:30  INFO 15516 --- [           main] o.h.e.t.j.p.i.JtaPlatformInitiator       : HHH000489: No JTA platform available (set 'hibernate.transaction.jta.platform' to enable JTA platform integration)
2024-10-06T13:30:18.819+05:30  INFO 15516 --- [           main] j.LocalContainerEntityManagerFactoryBean : Initialized JPA EntityManagerFactory for persistence unit 'default'
2024-10-06T13:30:19.153+05:30  INFO 15516 --- [           main] o.s.d.j.r.query.QueryEnhancerFactory     : Hibernate is in classpath; If applicable, HQL parser will be used.
2024-10-06T13:30:20.064+05:30  WARN 15516 --- [           main] JpaBaseConfiguration$JpaWebConfiguration : spring.jpa.open-in-view is enabled by default. Therefore, database queries may be performed during view rendering. Explicitly configure spring.jpa.open-in-view to disable this warning
2024-10-06T13:30:20.282+05:30  INFO 15516 --- [           main] o.s.b.a.w.s.WelcomePageHandlerMapping    : Adding welcome page: class path resource [public/index.html]
2024-10-06T13:30:20.491+05:30  INFO 15516 --- [           main] I.IplDataReaderUsingHSqlApplicationTests : Started IplDataReaderUsingHSqlApplicationTests in 5.506 seconds (process running for 6.89)
]]></system-out>
  </testcase>
</testsuite>